2020-02-27 11:12:53.696  INFO 18704 --- [restartedMain] c.u.f.FlightReservationApplication       : Starting FlightReservationApplication on LAPTOP-1OL6I2H1 with PID 18704 (D:\springboot-workspace\flightReservation\target\classes started by Nisha Ashok in D:\springboot-workspace\flightReservation)
2020-02-27 11:12:53.697  INFO 18704 --- [restartedMain] c.u.f.FlightReservationApplication       : No active profile set, falling back to default profiles: default
2020-02-27 11:12:53.927  INFO 18704 --- [restartedMain] .s.d.r.c.RepositoryConfigurationDelegate : Bootstrapping Spring Data JPA repositories in DEFAULT mode.
2020-02-27 11:12:53.945  INFO 18704 --- [restartedMain] .s.d.r.c.RepositoryConfigurationDelegate : Finished Spring Data repository scanning in 17ms. Found 4 JPA repository interfaces.
2020-02-27 11:12:54.023  INFO 18704 --- [restartedMain] trationDelegate$BeanPostProcessorChecker : Bean 'org.springframework.transaction.annotation.ProxyTransactionManagementConfiguration' of type [org.springframework.transaction.annotation.ProxyTransactionManagementConfiguration] is not eligible for getting processed by all BeanPostProcessors (for example: not eligible for auto-proxying)
2020-02-27 11:12:54.099  INFO 18704 --- [restartedMain] o.s.b.w.embedded.tomcat.TomcatWebServer  : Tomcat initialized with port(s): 8080 (http)
2020-02-27 11:12:54.100  INFO 18704 --- [restartedMain] o.apache.catalina.core.StandardService   : Starting service [Tomcat]
2020-02-27 11:12:54.101  INFO 18704 --- [restartedMain] org.apache.catalina.core.StandardEngine  : Starting Servlet engine: [Apache Tomcat/9.0.30]
2020-02-27 11:12:54.290  INFO 18704 --- [restartedMain] org.apache.jasper.servlet.TldScanner     : At least one JAR was scanned for TLDs yet contained no TLDs. Enable debug logging for this logger for a complete list of JARs that were scanned but no TLDs were found in them. Skipping unneeded JARs during scanning can improve startup time and JSP compilation time.
2020-02-27 11:12:54.295  INFO 18704 --- [restartedMain] o.a.c.c.C.[.[.[/flightReservation]       : Initializing Spring embedded WebApplicationContext
2020-02-27 11:12:54.295  INFO 18704 --- [restartedMain] o.s.web.context.ContextLoader            : Root WebApplicationContext: initialization completed in 595 ms
2020-02-27 11:12:54.342  INFO 18704 --- [restartedMain] com.zaxxer.hikari.HikariDataSource       : HikariPool-7 - Starting...
2020-02-27 11:12:54.377  INFO 18704 --- [restartedMain] com.zaxxer.hikari.HikariDataSource       : HikariPool-7 - Start completed.
2020-02-27 11:12:54.381  INFO 18704 --- [restartedMain] o.hibernate.jpa.internal.util.LogHelper  : HHH000204: Processing PersistenceUnitInfo [name: default]
2020-02-27 11:12:54.388  INFO 18704 --- [restartedMain] org.hibernate.dialect.Dialect            : HHH000400: Using dialect: org.hibernate.dialect.MySQL8Dialect
2020-02-27 11:12:54.474  INFO 18704 --- [restartedMain] o.h.e.t.j.p.i.JtaPlatformInitiator       : HHH000490: Using JtaPlatform implementation: [org.hibernate.engine.transaction.jta.platform.internal.NoJtaPlatform]
2020-02-27 11:12:54.474  INFO 18704 --- [restartedMain] j.LocalContainerEntityManagerFactoryBean : Initialized JPA EntityManagerFactory for persistence unit 'default'
2020-02-27 11:12:54.676  WARN 18704 --- [restartedMain] JpaBaseConfiguration$JpaWebConfiguration : spring.jpa.open-in-view is enabled by default. Therefore, database queries may be performed during view rendering. Explicitly configure spring.jpa.open-in-view to disable this warning
2020-02-27 11:12:54.735  INFO 18704 --- [restartedMain] o.s.s.concurrent.ThreadPoolTaskExecutor  : Initializing ExecutorService 'applicationTaskExecutor'
2020-02-27 11:12:54.755  INFO 18704 --- [restartedMain] o.s.b.a.w.s.WelcomePageHandlerMapping    : Adding welcome page: ServletContext resource [/index.html]
2020-02-27 11:12:54.843  INFO 18704 --- [restartedMain] o.s.b.d.a.OptionalLiveReloadServer       : LiveReload server is running on port 35729
2020-02-27 11:12:54.867  INFO 18704 --- [restartedMain] o.s.b.w.embedded.tomcat.TomcatWebServer  : Tomcat started on port(s): 8080 (http) with context path '/flightReservation'
2020-02-27 11:12:54.878  INFO 18704 --- [restartedMain] c.u.f.FlightReservationApplication       : Started FlightReservationApplication in 1.207 seconds (JVM running for 401.258)
2020-02-27 11:12:54.882  INFO 18704 --- [restartedMain] .ConditionEvaluationDeltaLoggingListener : Condition evaluation unchanged
2020-02-27 11:13:01.513  INFO 18704 --- [http-nio-8080-exec-1] o.a.c.c.C.[.[.[/flightReservation]       : Initializing Spring DispatcherServlet 'dispatcherServlet'
2020-02-27 11:13:01.516  INFO 18704 --- [http-nio-8080-exec-1] o.s.web.servlet.DispatcherServlet        : Initializing Servlet 'dispatcherServlet'
2020-02-27 11:13:01.523  INFO 18704 --- [http-nio-8080-exec-1] o.s.web.servlet.DispatcherServlet        : Completed initialization in 7 ms
2020-02-27 11:13:01.525  INFO 18704 --- [http-nio-8080-exec-1] c.u.f.controllers.UserController         : Inside showLogin()
2020-02-27 11:13:05.458  INFO 18704 --- [http-nio-8080-exec-3] c.u.f.controllers.UserController         : Inside showLogin()
2020-02-27 11:13:10.267  INFO 18704 --- [http-nio-8080-exec-7] c.u.f.controllers.UserController         : inside login() where email :nisha15ashok@gmail.com
2020-02-27 11:13:49.920  INFO 18704 --- [Thread-33] o.s.s.concurrent.ThreadPoolTaskExecutor  : Shutting down ExecutorService 'applicationTaskExecutor'
2020-02-27 11:13:49.922  INFO 18704 --- [Thread-33] j.LocalContainerEntityManagerFactoryBean : Closing JPA EntityManagerFactory for persistence unit 'default'
2020-02-27 11:13:49.924  INFO 18704 --- [Thread-33] com.zaxxer.hikari.HikariDataSource       : HikariPool-7 - Shutdown initiated...
2020-02-27 11:13:49.951  INFO 18704 --- [Thread-33] com.zaxxer.hikari.HikariDataSource       : HikariPool-7 - Shutdown completed.
